<?xml version="1.0" encoding="UTF-8"?>
<testsuite name="com.digital.DigitaBooking.DigitaBookingApplicationTests" tests="1" skipped="0" failures="0" errors="0" timestamp="2023-06-21T03:29:31" hostname="Jeraldinnes-MacBook-Air.local" time="0.082">
  <properties/>
  <testcase name="contextLoads()" classname="com.digital.DigitaBooking.DigitaBookingApplicationTests" time="0.082"/>
  <system-out><![CDATA[00:29:21.267 [Test worker] DEBUG org.springframework.boot.test.context.SpringBootTestContextBootstrapper -- Neither @ContextConfiguration nor @ContextHierarchy found for test class [DigitaBookingApplicationTests]: using SpringBootContextLoader
00:29:21.271 [Test worker] DEBUG org.springframework.test.context.support.AbstractContextLoader -- Could not detect default resource locations for test class [com.digital.DigitaBooking.DigitaBookingApplicationTests]: no resource found for suffixes {-context.xml, Context.groovy}.
00:29:21.272 [Test worker] INFO org.springframework.test.context.support.AnnotationConfigContextLoaderUtils -- Could not detect default configuration classes for test class [com.digital.DigitaBooking.DigitaBookingApplicationTests]: DigitaBookingApplicationTests does not declare any static, non-private, non-final, nested classes annotated with @Configuration.
00:29:21.319 [Test worker] DEBUG org.springframework.boot.test.context.SpringBootTestContextBootstrapper -- Using ContextCustomizers for test class [DigitaBookingApplicationTests]: [DisableObservabilityContextCustomizer, PropertyMappingContextCustomizer, Customizer, ExcludeFilterContextCustomizer, DuplicateJsonObjectContextCustomizer, MockitoContextCustomizer, TestRestTemplateContextCustomizer]
00:29:21.356 [Test worker] DEBUG org.springframework.context.annotation.ClassPathScanningCandidateComponentProvider -- Identified candidate component class: file [/Users/jeraldinnemolleda/Downloads/equipo-10/api/DigitalBooking/build/classes/java/main/com/digital/DigitaBooking/DigitaBookingApplication.class]
00:29:21.363 [Test worker] INFO org.springframework.boot.test.context.SpringBootTestContextBootstrapper -- Found @SpringBootConfiguration com.digital.DigitaBooking.DigitaBookingApplication for test class com.digital.DigitaBooking.DigitaBookingApplicationTests
00:29:21.407 [Test worker] DEBUG org.springframework.boot.test.context.SpringBootTestContextBootstrapper -- Using TestExecutionListeners for test class [DigitaBookingApplicationTests]: [ServletTestExecutionListener, DirtiesContextBeforeModesTestExecutionListener, ApplicationEventsTestExecutionListener, MockitoTestExecutionListener, DependencyInjectionTestExecutionListener, DirtiesContextTestExecutionListener, TransactionalTestExecutionListener, SqlScriptsTestExecutionListener, EventPublishingTestExecutionListener, RestDocsTestExecutionListener, MockRestServiceServerResetTestExecutionListener, MockMvcPrintOnlyOnFailureTestExecutionListener, WebDriverTestExecutionListener, MockWebServiceServerTestExecutionListener, ResetMocksTestExecutionListener]
00:29:21.407 [Test worker] DEBUG org.springframework.test.context.support.AbstractDirtiesContextTestExecutionListener -- Before test class: class [DigitaBookingApplicationTests], class annotated with @DirtiesContext [false] with mode [null]

  .   ____          _            __ _ _
 /\\ / ___'_ __ _ _(_)_ __  __ _ \ \ \ \
( ( )\___ | '_ | '_| | '_ \/ _` | \ \ \ \
 \\/  ___)| |_)| | | | | || (_| |  ) ) ) )
  '  |____| .__|_| |_|_| |_\__, | / / / /
 =========|_|==============|___/=/_/_/_/
 :: Spring Boot ::                (v3.0.6)

2023-06-21T00:29:21.536-03:00  WARN 36393 --- [    Test worker] ory$DuplicateJsonObjectContextCustomizer : 

Found multiple occurrences of org.json.JSONObject on the class path:

	jar:file:/Users/jeraldinnemolleda/.gradle/caches/modules-2/files-2.1/org.json/json/20230227/7a0d4aca76513d8ce81f9b044ce8126b84809ad8/json-20230227.jar!/org/json/JSONObject.class
	jar:file:/Users/jeraldinnemolleda/.gradle/caches/modules-2/files-2.1/com.vaadin.external.google/android-json/0.0.20131108.vaadin1/fa26d351fe62a6a17f5cda1287c1c6110dec413f/android-json-0.0.20131108.vaadin1.jar!/org/json/JSONObject.class

You may wish to exclude one of them to ensure predictable runtime behavior

2023-06-21T00:29:21.543-03:00  INFO 36393 --- [    Test worker] c.d.D.DigitaBookingApplicationTests      : Starting DigitaBookingApplicationTests using Java 17.0.7 with PID 36393 (started by jeraldinnemolleda in /Users/jeraldinnemolleda/Downloads/equipo-10/api/DigitalBooking)
2023-06-21T00:29:21.544-03:00  INFO 36393 --- [    Test worker] c.d.D.DigitaBookingApplicationTests      : No active profile set, falling back to 1 default profile: "default"
2023-06-21T00:29:21.885-03:00  INFO 36393 --- [    Test worker] .s.d.r.c.RepositoryConfigurationDelegate : Bootstrapping Spring Data JPA repositories in DEFAULT mode.
2023-06-21T00:29:21.923-03:00  INFO 36393 --- [    Test worker] .s.d.r.c.RepositoryConfigurationDelegate : Finished Spring Data repository scanning in 35 ms. Found 9 JPA repository interfaces.
2023-06-21T00:29:22.168-03:00  INFO 36393 --- [    Test worker] o.hibernate.jpa.internal.util.LogHelper  : HHH000204: Processing PersistenceUnitInfo [name: default]
2023-06-21T00:29:22.186-03:00  INFO 36393 --- [    Test worker] org.hibernate.Version                    : HHH000412: Hibernate ORM core version 6.1.7.Final
2023-06-21T00:29:22.304-03:00  INFO 36393 --- [    Test worker] com.zaxxer.hikari.HikariDataSource       : HikariPool-1 - Starting...
2023-06-21T00:29:24.440-03:00  INFO 36393 --- [    Test worker] com.zaxxer.hikari.pool.HikariPool        : HikariPool-1 - Added connection com.mysql.cj.jdbc.ConnectionImpl@12e007be
2023-06-21T00:29:24.443-03:00  INFO 36393 --- [    Test worker] com.zaxxer.hikari.HikariDataSource       : HikariPool-1 - Start completed.
2023-06-21T00:29:24.856-03:00  INFO 36393 --- [    Test worker] SQL dialect                              : HHH000400: Using dialect: org.hibernate.dialect.MySQLDialect
2023-06-21T00:29:30.578-03:00  INFO 36393 --- [    Test worker] o.h.e.t.j.p.i.JtaPlatformInitiator       : HHH000490: Using JtaPlatform implementation: [org.hibernate.engine.transaction.jta.platform.internal.NoJtaPlatform]
2023-06-21T00:29:30.662-03:00  INFO 36393 --- [    Test worker] j.LocalContainerEntityManagerFactoryBean : Initialized JPA EntityManagerFactory for persistence unit 'default'
2023-06-21T00:29:31.320-03:00  WARN 36393 --- [    Test worker] JpaBaseConfiguration$JpaWebConfiguration : spring.jpa.open-in-view is enabled by default. Therefore, database queries may be performed during view rendering. Explicitly configure spring.jpa.open-in-view to disable this warning
2023-06-21T00:29:31.372-03:00  INFO 36393 --- [    Test worker] f.a.AutowiredAnnotationBeanPostProcessor : Autowired annotation should only be used on methods with parameters: public java.lang.String com.digital.DigitaBooking.jwt.JwtConfiguration.secretKey()
2023-06-21T00:29:31.372-03:00  INFO 36393 --- [    Test worker] f.a.AutowiredAnnotationBeanPostProcessor : Autowired annotation should only be used on methods with parameters: public java.lang.Long com.digital.DigitaBooking.jwt.JwtConfiguration.expiration()
2023-06-21T00:29:31.657-03:00  INFO 36393 --- [    Test worker] o.s.s.web.DefaultSecurityFilterChain     : Will secure any request with [org.springframework.security.web.session.DisableEncodeUrlFilter@57fd3b57, org.springframework.security.web.context.request.async.WebAsyncManagerIntegrationFilter@6903bec9, org.springframework.security.web.context.SecurityContextHolderFilter@2fad7002, org.springframework.security.web.header.HeaderWriterFilter@1a91d15f, org.springframework.web.filter.CorsFilter@2f6fcc70, org.springframework.security.web.authentication.logout.LogoutFilter@26501edd, com.digital.DigitaBooking.jwt.JwtRequestFilter@20dfe8b2, org.springframework.security.web.savedrequest.RequestCacheAwareFilter@7c58c10f, org.springframework.security.web.servletapi.SecurityContextHolderAwareRequestFilter@7f9ebcfe, org.springframework.security.web.authentication.AnonymousAuthenticationFilter@60666985, org.springframework.security.web.session.SessionManagementFilter@59bdd277, org.springframework.security.web.access.ExceptionTranslationFilter@28cc690d, org.springframework.security.web.access.intercept.AuthorizationFilter@77393f2e]
2023-06-21T00:29:31.835-03:00  INFO 36393 --- [    Test worker] c.d.D.DigitaBookingApplicationTests      : Started DigitaBookingApplicationTests in 10.402 seconds (process running for 11.026)
]]></system-out>
  <system-err><![CDATA[]]></system-err>
</testsuite>
